
  .   ____          _            __ _ _
 /\\ / ___'_ __ _ _(_)_ __  __ _ \ \ \ \
( ( )\___ | '_ | '_| | '_ \/ _` | \ \ \ \
 \\/  ___)| |_)| | | | | || (_| |  ) ) ) )
  '  |____| .__|_| |_|_| |_\__, | / / / /
 =========|_|==============|___/=/_/_/_/
 :: Spring Boot ::        (v2.3.3.RELEASE)

2020-12-29 05:32:36.617  INFO 9000 --- [           main] r.f.navigator.parent_navigation_bot.App  : Starting App v1.0-SNAPSHOT on DESKTOP-SGNNN8K with PID 9000 (C:\Users\nikmo\IdeaProjects\navigator\bot_controller\41\tg_bot.jar started by nikmo in C:\Users\nikmo\IdeaProjects\navigator\bot_controller\41)
2020-12-29 05:32:36.620  INFO 9000 --- [           main] r.f.navigator.parent_navigation_bot.App  : No active profile set, falling back to default profiles: default
2020-12-29 05:32:36.810  WARN 9000 --- [kground-preinit] o.s.h.c.j.Jackson2ObjectMapperBuilder    : For Jackson Kotlin classes support please add "com.fasterxml.jackson.module:jackson-module-kotlin" to the classpath
2020-12-29 05:32:39.381  INFO 9000 --- [           main] o.s.b.w.embedded.tomcat.TomcatWebServer  : Tomcat initialized with port(s): 8083 (http)
2020-12-29 05:32:39.398  INFO 9000 --- [           main] o.apache.catalina.core.StandardService   : Starting service [Tomcat]
2020-12-29 05:32:39.398  INFO 9000 --- [           main] org.apache.catalina.core.StandardEngine  : Starting Servlet engine: [Apache Tomcat/9.0.37]
2020-12-29 05:32:39.575  INFO 9000 --- [           main] o.a.c.c.C.[Tomcat].[localhost].[/]       : Initializing Spring embedded WebApplicationContext
2020-12-29 05:32:39.575  INFO 9000 --- [           main] w.s.c.ServletWebServerApplicationContext : Root WebApplicationContext: initialization completed in 2855 ms
2020-12-29 05:32:40.050  WARN 9000 --- [           main] r.f.n.p.math.GraphSolver                 : The node system is not closed. This can lead to errors
2020-12-29 05:32:40.141  INFO 9000 --- [           main] r.f.n.p.io.FileUtils                     : reading patterns from from_to.patterns
2020-12-29 05:32:40.254  INFO 9000 --- [           main] r.f.n.p.io.FileUtils                     : reading patterns from to_from.patterns
2020-12-29 05:32:40.256  INFO 9000 --- [           main] r.f.n.p.io.FileUtils                     : reading patterns from confirm.pattern
2020-12-29 05:32:43.165  INFO 9000 --- [           main] o.s.s.concurrent.ThreadPoolTaskExecutor  : Initializing ExecutorService 'applicationTaskExecutor'
2020-12-29 05:32:43.507  INFO 9000 --- [           main] o.s.b.w.embedded.tomcat.TomcatWebServer  : Tomcat started on port(s): 8083 (http) with context path ''
2020-12-29 05:32:43.523  INFO 9000 --- [           main] r.f.navigator.parent_navigation_bot.App  : Started App in 7.711 seconds (JVM running for 8.557)
2020-12-29 05:32:43.692  INFO 9000 --- [nio-8083-exec-1] o.a.c.c.C.[Tomcat].[localhost].[/]       : Initializing Spring DispatcherServlet 'dispatcherServlet'
2020-12-29 05:32:43.692  INFO 9000 --- [nio-8083-exec-1] o.s.web.servlet.DispatcherServlet        : Initializing Servlet 'dispatcherServlet'
2020-12-29 05:32:43.702  INFO 9000 --- [nio-8083-exec-1] o.s.web.servlet.DispatcherServlet        : Completed initialization in 10 ms
2020-12-29 05:32:44.114  INFO 9000 --- [nio-8083-exec-1] r.f.n.p.bot_api.TelegramFacade           : New message from User:fbtw_leader, chatId: 433971994, text:/help
